# JRE version: Java(TM) SE Runtime Environment (8.0_311-b11) (build 1.8.0_311-b11)
# Java VM: Java HotSpot(TM) 64-Bit Server VM (25.311-b11 mixed mode windows-amd64 compressed oops)
Heap:
 PSYoungGen      total 18944K, used 2866K [0x00000000eb500000, 0x00000000eca00000, 0x0000000100000000)
  eden space 16384K, 1% used [0x00000000eb500000,0x00000000eb550140,0x00000000ec500000)
  from space 2560K, 99% used [0x00000000ec500000,0x00000000ec77c878,0x00000000ec780000)
  to   space 2560K, 0% used [0x00000000ec780000,0x00000000ec780000,0x00000000eca00000)
 ParOldGen       total 30720K, used 2751K [0x00000000c1e00000, 0x00000000c3c00000, 0x00000000eb500000)
  object space 30720K, 8% used [0x00000000c1e00000,0x00000000c20afdc0,0x00000000c3c00000)
 Metaspace       used 11583K, capacity 11696K, committed 12032K, reserved 1064960K
  class space    used 1429K, capacity 1464K, committed 1536K, reserved 1048576K
GC Heap History (6 events):
Event: 0.297 GC heap before
{Heap before GC invocations=1 (full 0):
 PSYoungGen      total 18944K, used 16367K [0x00000000eb500000, 0x00000000eca00000, 0x0000000100000000)
  eden space 16384K, 99% used [0x00000000eb500000,0x00000000ec4fbd20,0x00000000ec500000)
  from space 2560K, 0% used [0x00000000ec780000,0x00000000ec780000,0x00000000eca00000)
  to   space 2560K, 0% used [0x00000000ec500000,0x00000000ec500000,0x00000000ec780000)
 ParOldGen       total 44032K, used 0K [0x00000000c1e00000, 0x00000000c4900000, 0x00000000eb500000)
  object space 44032K, 0% used [0x00000000c1e00000,0x00000000c1e00000,0x00000000c4900000)
 Metaspace       used 2734K, capacity 4494K, committed 4864K, reserved 1056768K
  class space    used 294K, capacity 386K, committed 512K, reserved 1048576K
Event: 0.300 GC heap after
Heap after GC invocations=1 (full 0):
 PSYoungGen      total 18944K, used 715K [0x00000000eb500000, 0x00000000eca00000, 0x0000000100000000)
  eden space 16384K, 0% used [0x00000000eb500000,0x00000000eb500000,0x00000000ec500000)
  from space 2560K, 27% used [0x00000000ec500000,0x00000000ec5b2d28,0x00000000ec780000)
  to   space 2560K, 0% used [0x00000000ec780000,0x00000000ec780000,0x00000000eca00000)
 ParOldGen       total 44032K, used 8K [0x00000000c1e00000, 0x00000000c4900000, 0x00000000eb500000)
  object space 44032K, 0% used [0x00000000c1e00000,0x00000000c1e02000,0x00000000c4900000)
 Metaspace       used 2734K, capacity 4494K, committed 4864K, reserved 1056768K
  class space    used 294K, capacity 386K, committed 512K, reserved 1048576K
}
Event: 1.004 GC heap before
{Heap before GC invocations=2 (full 0):
 PSYoungGen      total 18944K, used 12703K [0x00000000eb500000, 0x00000000eca00000, 0x0000000100000000)
  eden space 16384K, 73% used [0x00000000eb500000,0x00000000ec0b52b8,0x00000000ec500000)
  from space 2560K, 27% used [0x00000000ec500000,0x00000000ec5b2d28,0x00000000ec780000)
  to   space 2560K, 0% used [0x00000000ec780000,0x00000000ec780000,0x00000000eca00000)
 ParOldGen       total 44032K, used 8K [0x00000000c1e00000, 0x00000000c4900000, 0x00000000eb500000)
  object space 44032K, 0% used [0x00000000c1e00000,0x00000000c1e02000,0x00000000c4900000)
 Metaspace       used 5640K, capacity 6012K, committed 6144K, reserved 1060864K
  class space    used 681K, capacity 688K, committed 768K, reserved 1048576K
Event: 1.011 GC heap after
Heap after GC invocations=2 (full 0):
 PSYoungGen      total 18944K, used 2504K [0x00000000eb500000, 0x00000000eca00000, 0x0000000100000000)
  eden space 16384K, 0% used [0x00000000eb500000,0x00000000eb500000,0x00000000ec500000)
  from space 2560K, 97% used [0x00000000ec780000,0x00000000ec9f20a8,0x00000000eca00000)
  to   space 2560K, 0% used [0x00000000ec500000,0x00000000ec500000,0x00000000ec780000)
 ParOldGen       total 44032K, used 16K [0x00000000c1e00000, 0x00000000c4900000, 0x00000000eb500000)
  object space 44032K, 0% used [0x00000000c1e00000,0x00000000c1e04000,0x00000000c4900000)
 Metaspace       used 5640K, capacity 6012K, committed 6144K, reserved 1060864K
  class space    used 681K, capacity 688K, committed 768K, reserved 1048576K
}
Event: 1.011 GC heap before
{Heap before GC invocations=3 (full 1):
 PSYoungGen      total 18944K, used 2504K [0x00000000eb500000, 0x00000000eca00000, 0x0000000100000000)
  eden space 16384K, 0% used [0x00000000eb500000,0x00000000eb500000,0x00000000ec500000)
  from space 2560K, 97% used [0x00000000ec780000,0x00000000ec9f20a8,0x00000000eca00000)
  to   space 2560K, 0% used [0x00000000ec500000,0x00000000ec500000,0x00000000ec780000)
 ParOldGen       total 44032K, used 16K [0x00000000c1e00000, 0x00000000c4900000, 0x00000000eb500000)
  object space 44032K, 0% used [0x00000000c1e00000,0x00000000c1e04000,0x00000000c4900000)
 Metaspace       used 5640K, capacity 6012K, committed 6144K, reserved 1060864K
  class space    used 681K, capacity 688K, committed 768K, reserved 1048576K
Event: 1.036 GC heap after
Heap after GC invocations=3 (full 1):
 PSYoungGen      total 18944K, used 0K [0x00000000eb500000, 0x00000000eca00000, 0x0000000100000000)
  eden space 16384K, 0% used [0x00000000eb500000,0x00000000eb500000,0x00000000ec500000)
  from space 2560K, 0% used [0x00000000ec780000,0x00000000ec780000,0x00000000eca00000)
  to   space 2560K, 0% used [0x00000000ec500000,0x00000000ec500000,0x00000000ec780000)
 ParOldGen       total 30720K, used 2317K [0x00000000c1e00000, 0x00000000c3c00000, 0x00000000eb500000)
  object space 30720K, 7% used [0x00000000c1e00000,0x00000000c2043620,0x00000000c3c00000)
 Metaspace       used 5640K, capacity 6012K, committed 6144K, reserved 1058816K
  class space    used 681K, capacity 688K, committed 768K, reserved 1048576K
}

